<?xml version="1.0" encoding="UTF-8"?>
<testsuite name="pe.com.arland.cliente1.registro.AppTest" tests="3" skipped="1" failures="0" errors="0" timestamp="2020-11-18T01:32:58" hostname="DESKTOP-UTPNU7U" time="0.031">
  <properties/>
  <testcase name="Test Bye" classname="pe.com.arland.cliente1.registro.AppTest" time="0.02"/>
  <testcase name="appHasAGreeting()" classname="pe.com.arland.cliente1.registro.AppTest" time="0.007"/>
  <testcase name="helloTest()" classname="pe.com.arland.cliente1.registro.AppTest" time="0.001">
    <skipped/>
  </testcase>
  <system-out><![CDATA[*********************************************************
*****************ETAPA BEFORE ALL************************
Configurar todas las pruebas necesarias para los test...
*********************************************************

*********************************************************
*****************ETAPA BEFORE EACH***********************
Configurar antes de cada test...
*********************************************************

2.Hello Gino
*********************************************************
*****************ETAPA AFTER EACH***********************
Configurar despues de cada test...
*********************************************************

*********************************************************
*****************ETAPA BEFORE EACH***********************
Configurar antes de cada test...
*********************************************************

1.appHasAGreeting
*********************************************************
*****************ETAPA AFTER EACH***********************
Configurar despues de cada test...
*********************************************************

*********************************************************
*****************ETAPA AFTER ALL************************
Desmontado de todas las pruebas
*********************************************************

]]></system-out>
  <system-err><![CDATA[]]></system-err>
</testsuite>
